/home/ysuzuki/miniconda3/envs/pytorch_gpu/lib/python3.10/site-packages/torch/autograd/graph.py:825: UserWarning: Attempting to run cuBLAS, but there was no current CUDA context! Attempting to set the primary context... (Triggered internally at /opt/conda/conda-bld/pytorch_1729647352509/work/aten/src/ATen/cuda/CublasHandlePool.cpp:135.)
  return Variable._execution_engine.run_backward(  # Calls into the C++ engine to run the backward pass
/home/ysuzuki/pinn_workplace/pinn-magnetic-shield-compel/src/pinn.py:247: RuntimeWarning: More than 20 figures have been opened. Figures created through the pyplot interface (`matplotlib.pyplot.figure`) are retained until explicitly closed and may consume too much memory. (To control this warning, see the rcParam `figure.max_open_warning`). Consider using `matplotlib.pyplot.close()`.
  fig = plt.figure(figsize=(7,6), dpi=150)
/home/ysuzuki/miniconda3/envs/pytorch_gpu/lib/python3.10/site-packages/torch/autograd/graph.py:825: UserWarning: Attempting to run cuBLAS, but there was no current CUDA context! Attempting to set the primary context... (Triggered internally at /opt/conda/conda-bld/pytorch_1729647352509/work/aten/src/ATen/cuda/CublasHandlePool.cpp:135.)
  return Variable._execution_engine.run_backward(  # Calls into the C++ engine to run the backward pass
/home/ysuzuki/pinn_workplace/pinn-magnetic-shield-compel/src/pinn.py:248: RuntimeWarning: More than 20 figures have been opened. Figures created through the pyplot interface (`matplotlib.pyplot.figure`) are retained until explicitly closed and may consume too much memory. (To control this warning, see the rcParam `figure.max_open_warning`). Consider using `matplotlib.pyplot.close()`.
  fig = plt.figure(figsize=(7,6), dpi=150)
[info] interior N=20000, Dirichlet Nb=86, Neumann Nb=32, device=cuda
[    1] loss=9.537e+09 | pde=9.537e+09 dir=3.396e-02 neu=4.136e+10
1_saved A_grid_contourf.png
[ 5000] loss=3.465e+09 | pde=3.460e+09 dir=3.813e+01 neu=9.884e+10
5000_saved A_grid_contourf.png
[10000] loss=1.251e+09 | pde=1.246e+09 dir=4.123e+01 neu=1.245e+11
10000_saved A_grid_contourf.png
[15000] loss=2.942e+08 | pde=2.906e+08 dir=3.295e+01 neu=3.182e+10
15000_saved A_grid_contourf.png
[20000] loss=2.066e+08 | pde=2.049e+08 dir=1.337e+01 neu=3.178e+10
20000_saved A_grid_contourf.png
[25000] loss=6.932e+07 | pde=6.839e+07 dir=7.443e+00 neu=1.882e+10
25000_saved A_grid_contourf.png
[30000] loss=7.761e+07 | pde=7.621e+07 dir=9.895e+00 neu=4.049e+10
30000_saved A_grid_contourf.png
[35000] loss=4.218e+08 | pde=4.208e+08 dir=7.504e+00 neu=2.382e+10
35000_saved A_grid_contourf.png
[40000] loss=2.549e+07 | pde=2.481e+07 dir=5.683e+00 neu=1.030e+10
40000_saved A_grid_contourf.png
[45000] loss=7.361e+07 | pde=7.246e+07 dir=8.780e+00 neu=2.792e+10
45000_saved A_grid_contourf.png
[50000] loss=1.273e+08 | pde=1.261e+08 dir=1.087e+01 neu=1.331e+10
50000_saved A_grid_contourf.png
[55000] loss=1.900e+08 | pde=1.872e+08 dir=2.553e+01 neu=2.029e+10
55000_saved A_grid_contourf.png
[60000] loss=7.058e+07 | pde=6.991e+07 dir=6.083e+00 neu=5.980e+09
60000_saved A_grid_contourf.png
[65000] loss=6.357e+07 | pde=6.298e+07 dir=5.741e+00 neu=9.254e+08
65000_saved A_grid_contourf.png
[70000] loss=1.135e+07 | pde=1.098e+07 dir=3.549e+00 neu=9.297e+08
70000_saved A_grid_contourf.png
[75000] loss=4.566e+07 | pde=4.530e+07 dir=2.762e+00 neu=8.001e+09
75000_saved A_grid_contourf.png
[80000] loss=2.501e+07 | pde=2.467e+07 dir=3.306e+00 neu=1.635e+09
80000_saved A_grid_contourf.png
[85000] loss=1.290e+08 | pde=1.273e+08 dir=1.524e+01 neu=1.462e+10
85000_saved A_grid_contourf.png
[90000] loss=3.144e+07 | pde=3.112e+07 dir=3.152e+00 neu=7.360e+08
90000_saved A_grid_contourf.png
[95000] loss=2.081e+08 | pde=2.048e+08 dir=2.190e+01 neu=1.080e+11
95000_saved A_grid_contourf.png
[100000] loss=3.730e+07 | pde=3.660e+07 dir=6.344e+00 neu=7.319e+09
100000_saved A_grid_contourf.png
[105000] loss=2.390e+07 | pde=2.321e+07 dir=4.272e+00 neu=2.678e+10
105000_saved A_grid_contourf.png
[110000] loss=7.220e+07 | pde=7.172e+07 dir=2.428e+00 neu=2.310e+10
110000_saved A_grid_contourf.png
[115000] loss=1.696e+08 | pde=1.664e+08 dir=2.470e+01 neu=7.755e+10
115000_saved A_grid_contourf.png
[120000] loss=3.493e+07 | pde=3.408e+07 dir=8.113e+00 neu=4.220e+09
120000_saved A_grid_contourf.png
[125000] loss=1.274e+08 | pde=1.270e+08 dir=2.594e+00 neu=1.493e+10
125000_saved A_grid_contourf.png
[130000] loss=4.493e+07 | pde=4.434e+07 dir=4.214e+00 neu=1.673e+10
130000_saved A_grid_contourf.png
[135000] loss=4.038e+08 | pde=4.016e+08 dir=1.087e+01 neu=1.152e+11
135000_saved A_grid_contourf.png
[140000] loss=1.859e+07 | pde=1.841e+07 dir=1.170e+00 neu=5.745e+09
140000_saved A_grid_contourf.png
[145000] loss=1.721e+07 | pde=1.684e+07 dir=3.305e+00 neu=3.375e+09
145000_saved A_grid_contourf.png
[150000] loss=2.359e+07 | pde=2.337e+07 dir=1.968e+00 neu=2.260e+09
150000_saved A_grid_contourf.png
[155000] loss=1.821e+08 | pde=1.800e+08 dir=1.368e+01 neu=7.355e+10
155000_saved A_grid_contourf.png
[160000] loss=9.192e+06 | pde=9.030e+06 dir=1.540e+00 neu=7.903e+08
160000_saved A_grid_contourf.png
[165000] loss=6.063e+06 | pde=5.914e+06 dir=1.436e+00 neu=5.691e+08
165000_saved A_grid_contourf.png
[170000] loss=2.438e+09 | pde=2.437e+09 dir=7.636e+00 neu=1.154e+10
170000_saved A_grid_contourf.png
[175000] loss=1.626e+08 | pde=1.608e+08 dir=1.757e+01 neu=3.967e+09
175000_saved A_grid_contourf.png
[180000] loss=1.332e+07 | pde=1.306e+07 dir=2.001e+00 neu=6.481e+09
180000_saved A_grid_contourf.png
[185000] loss=7.772e+07 | pde=7.759e+07 dir=1.226e+00 neu=4.288e+08
185000_saved A_grid_contourf.png
[190000] loss=5.884e+06 | pde=5.789e+06 dir=8.287e-01 neu=1.198e+09
190000_saved A_grid_contourf.png
[195000] loss=3.592e+07 | pde=3.459e+07 dir=1.271e+01 neu=6.058e+09
195000_saved A_grid_contourf.png
[200000] loss=6.108e+07 | pde=6.038e+07 dir=5.501e+00 neu=1.454e+10
200000_saved A_grid_contourf.png
[205000] loss=8.511e+06 | pde=8.402e+06 dir=1.031e+00 neu=6.236e+08
205000_saved A_grid_contourf.png
[210000] loss=5.059e+06 | pde=4.946e+06 dir=1.065e+00 neu=6.674e+08
210000_saved A_grid_contourf.png
[215000] loss=5.389e+08 | pde=5.381e+08 dir=7.377e+00 neu=6.023e+09
215000_saved A_grid_contourf.png
[220000] loss=9.653e+07 | pde=9.471e+07 dir=1.720e+01 neu=1.033e+10
220000_saved A_grid_contourf.png
[225000] loss=1.396e+09 | pde=1.386e+09 dir=9.052e+01 neu=9.219e+10
225000_saved A_grid_contourf.png
[230000] loss=2.292e+07 | pde=2.280e+07 dir=1.126e+00 neu=5.776e+08
230000_saved A_grid_contourf.png
[235000] loss=8.595e+07 | pde=8.581e+07 dir=1.254e+00 neu=1.972e+09
235000_saved A_grid_contourf.png
[240000] loss=3.377e+07 | pde=3.361e+07 dir=1.439e+00 neu=6.613e+08
240000_saved A_grid_contourf.png
[245000] loss=1.228e+07 | pde=1.217e+07 dir=9.439e-01 neu=1.593e+09
245000_saved A_grid_contourf.png
[250000] loss=9.462e+06 | pde=9.320e+06 dir=1.295e+00 neu=1.253e+09
250000_saved A_grid_contourf.png
[255000] loss=3.999e+06 | pde=3.900e+06 dir=8.845e-01 neu=1.016e+09
255000_saved A_grid_contourf.png
[260000] loss=5.928e+07 | pde=5.873e+07 dir=4.496e+00 neu=1.049e+10
260000_saved A_grid_contourf.png
[265000] loss=3.516e+06 | pde=3.355e+06 dir=1.538e+00 neu=7.897e+08
265000_saved A_grid_contourf.png
[270000] loss=2.796e+09 | pde=2.775e+09 dir=2.037e+02 neu=1.162e+11
270000_saved A_grid_contourf.png
[275000] loss=7.500e+06 | pde=7.402e+06 dir=8.343e-01 neu=1.490e+09
275000_saved A_grid_contourf.png
[280000] loss=4.674e+07 | pde=4.652e+07 dir=2.068e+00 neu=9.985e+08
280000_saved A_grid_contourf.png
[285000] loss=1.454e+09 | pde=1.451e+09 dir=2.025e+01 neu=4.027e+10
285000_saved A_grid_contourf.png
[290000] loss=1.070e+08 | pde=1.063e+08 dir=4.992e+00 neu=2.038e+10
290000_saved A_grid_contourf.png
[295000] loss=3.529e+06 | pde=3.440e+06 dir=7.708e-01 neu=1.186e+09
295000_saved A_grid_contourf.png
[300000] loss=2.010e+08 | pde=1.965e+08 dir=4.198e+01 neu=3.119e+10
300000_saved A_grid_contourf.png
[305000] loss=7.018e+06 | pde=6.881e+06 dir=8.302e-01 neu=5.394e+09
305000_saved A_grid_contourf.png
[310000] loss=5.594e+07 | pde=5.389e+07 dir=2.025e+01 neu=1.623e+09
310000_saved A_grid_contourf.png
[315000] loss=4.856e+07 | pde=4.830e+07 dir=2.227e+00 neu=4.485e+09
315000_saved A_grid_contourf.png
[320000] loss=1.786e+08 | pde=1.783e+08 dir=2.532e+00 neu=7.473e+09
320000_saved A_grid_contourf.png
[325000] loss=1.162e+07 | pde=1.153e+07 dir=8.090e-01 neu=1.231e+09
325000_saved A_grid_contourf.png
[330000] loss=2.920e+07 | pde=2.783e+07 dir=1.272e+01 neu=9.941e+09
330000_saved A_grid_contourf.png
[335000] loss=6.938e+06 | pde=6.886e+06 dir=3.957e-01 neu=1.320e+09
335000_saved A_grid_contourf.png
[340000] loss=1.114e+07 | pde=1.065e+07 dir=4.546e+00 neu=3.547e+09
340000_saved A_grid_contourf.png
[345000] loss=1.175e+07 | pde=1.165e+07 dir=6.650e-01 neu=3.286e+09
345000_saved A_grid_contourf.png
[350000] loss=3.012e+07 | pde=2.937e+07 dir=7.294e+00 neu=2.299e+09
350000_saved A_grid_contourf.png
[355000] loss=4.302e+06 | pde=4.251e+06 dir=3.961e-01 neu=1.115e+09
355000_saved A_grid_contourf.png
[360000] loss=2.758e+07 | pde=2.714e+07 dir=3.866e+00 neu=5.788e+09
360000_saved A_grid_contourf.png
[365000] loss=2.896e+07 | pde=2.884e+07 dir=9.972e-01 neu=2.279e+09
365000_saved A_grid_contourf.png
[370000] loss=3.282e+07 | pde=3.266e+07 dir=9.024e-01 neu=6.876e+09
370000_saved A_grid_contourf.png
[375000] loss=7.483e+06 | pde=7.399e+06 dir=5.632e-01 neu=2.752e+09
375000_saved A_grid_contourf.png
[380000] loss=5.343e+06 | pde=5.299e+06 dir=3.453e-01 neu=8.808e+08
380000_saved A_grid_contourf.png
[385000] loss=2.477e+07 | pde=2.465e+07 dir=6.252e-01 neu=5.452e+09
385000_saved A_grid_contourf.png
[390000] loss=2.722e+07 | pde=2.709e+07 dir=9.572e-01 neu=2.939e+09
390000_saved A_grid_contourf.png
[395000] loss=5.319e+07 | pde=4.749e+07 dir=5.556e+01 neu=1.473e+10
395000_saved A_grid_contourf.png
[400000] loss=1.759e+06 | pde=1.722e+06 dir=2.926e-01 neu=7.947e+08
400000_saved A_grid_contourf.png
[405000] loss=1.200e+06 | pde=1.175e+06 dir=1.813e-01 neu=6.554e+08
405000_saved A_grid_contourf.png
[410000] loss=1.357e+08 | pde=1.354e+08 dir=1.985e+00 neu=2.956e+09
410000_saved A_grid_contourf.png
[415000] loss=1.061e+06 | pde=1.040e+06 dir=1.411e-01 neu=6.971e+08
415000_saved A_grid_contourf.png
[420000] loss=2.944e+07 | pde=2.909e+07 dir=3.206e+00 neu=3.187e+09
420000_saved A_grid_contourf.png
[425000] loss=1.919e+06 | pde=1.890e+06 dir=2.009e-01 neu=8.776e+08
425000_saved A_grid_contourf.png
[430000] loss=6.182e+07 | pde=5.798e+07 dir=3.708e+01 neu=1.309e+10
430000_saved A_grid_contourf.png
[435000] loss=1.346e+06 | pde=1.327e+06 dir=1.408e-01 neu=5.458e+08
435000_saved A_grid_contourf.png
[440000] loss=7.992e+06 | pde=7.645e+06 dir=2.843e+00 neu=6.276e+09
440000_saved A_grid_contourf.png
[445000] loss=1.210e+06 | pde=1.176e+06 dir=1.535e-01 neu=1.895e+09
445000_saved A_grid_contourf.png
[450000] loss=3.575e+07 | pde=3.485e+07 dir=8.542e+00 neu=4.902e+09
450000_saved A_grid_contourf.png
[455000] loss=6.080e+06 | pde=5.809e+06 dir=2.642e+00 neu=6.101e+08
455000_saved A_grid_contourf.png
[460000] loss=1.293e+06 | pde=1.248e+06 dir=3.869e-01 neu=6.382e+08
460000_saved A_grid_contourf.png
[465000] loss=1.578e+06 | pde=1.452e+06 dir=1.160e+00 neu=9.452e+08
465000_saved A_grid_contourf.png
[470000] loss=9.397e+06 | pde=9.175e+06 dir=1.674e+00 neu=5.503e+09
470000_saved A_grid_contourf.png
[475000] loss=3.796e+07 | pde=3.731e+07 dir=5.900e+00 neu=6.012e+09
475000_saved A_grid_contourf.png
[480000] loss=3.679e+08 | pde=3.555e+08 dir=1.176e+02 neu=6.510e+10
480000_saved A_grid_contourf.png
[485000] loss=2.652e+06 | pde=2.581e+06 dir=4.556e-01 neu=2.568e+09
485000_saved A_grid_contourf.png
[490000] loss=2.562e+06 | pde=2.534e+06 dir=2.037e-01 neu=7.843e+08
490000_saved A_grid_contourf.png
[495000] loss=3.846e+07 | pde=3.796e+07 dir=2.264e+00 neu=2.762e+10
495000_saved A_grid_contourf.png
[500000] loss=5.762e+08 | pde=5.719e+08 dir=4.034e+01 neu=2.377e+10
500000_saved A_grid_contourf.png
[505000] loss=5.742e+06 | pde=5.707e+06 dir=3.036e-01 neu=4.867e+08
505000_saved A_grid_contourf.png
[510000] loss=3.675e+06 | pde=3.635e+06 dir=3.381e-01 neu=6.273e+08
510000_saved A_grid_contourf.png
[515000] loss=1.694e+07 | pde=1.678e+07 dir=1.072e+00 neu=4.791e+09
515000_saved A_grid_contourf.png
[520000] loss=4.495e+06 | pde=4.268e+06 dir=2.094e+00 neu=1.751e+09
520000_saved A_grid_contourf.png
[525000] loss=1.420e+06 | pde=1.399e+06 dir=1.226e-01 neu=8.654e+08
525000_saved A_grid_contourf.png
[530000] loss=5.006e+07 | pde=4.980e+07 dir=2.448e+00 neu=1.750e+09
530000_saved A_grid_contourf.png
[535000] loss=1.168e+07 | pde=8.188e+06 dir=3.161e+01 neu=3.275e+10
535000_saved A_grid_contourf.png
[540000] loss=1.461e+07 | pde=1.276e+07 dir=1.681e+01 neu=1.648e+10
540000_saved A_grid_contourf.png
[545000] loss=3.924e+06 | pde=3.840e+06 dir=7.164e-01 neu=1.243e+09
545000_saved A_grid_contourf.png
[550000] loss=2.412e+07 | pde=2.405e+07 dir=3.575e-01 neu=3.319e+09
550000_saved A_grid_contourf.png
[555000] loss=1.555e+07 | pde=1.480e+07 dir=7.091e+00 neu=4.483e+09
555000_saved A_grid_contourf.png
[560000] loss=2.985e+06 | pde=2.888e+06 dir=6.236e-01 neu=3.491e+09
560000_saved A_grid_contourf.png
[565000] loss=9.451e+05 | pde=8.565e+05 dir=4.108e-01 neu=4.752e+09
565000_saved A_grid_contourf.png
[570000] loss=4.856e+07 | pde=4.712e+07 dir=1.269e+01 neu=1.714e+10
570000_saved A_grid_contourf.png
[575000] loss=2.811e+06 | pde=2.757e+06 dir=4.488e-01 neu=9.049e+08
575000_saved A_grid_contourf.png
[580000] loss=5.276e+07 | pde=5.136e+07 dir=1.348e+01 neu=5.536e+09
580000_saved A_grid_contourf.png
[585000] loss=1.161e+06 | pde=1.118e+06 dir=3.286e-01 neu=1.048e+09
585000_saved A_grid_contourf.png
[590000] loss=1.345e+06 | pde=1.318e+06 dir=2.215e-01 neu=4.615e+08
590000_saved A_grid_contourf.png
[595000] loss=5.189e+06 | pde=5.000e+06 dir=1.149e+00 neu=7.364e+09
595000_saved A_grid_contourf.png
[600000] loss=9.654e+05 | pde=9.415e+05 dir=1.637e-01 neu=7.527e+08
600000_saved A_grid_contourf.png
[605000] loss=3.552e+06 | pde=3.513e+06 dir=3.271e-01 neu=6.221e+08
605000_saved A_grid_contourf.png
[610000] loss=1.694e+06 | pde=1.676e+06 dir=1.192e-01 neu=6.265e+08
610000_saved A_grid_contourf.png
[615000] loss=1.013e+06 | pde=9.915e+05 dir=1.616e-01 neu=5.072e+08
615000_saved A_grid_contourf.png
[620000] loss=1.536e+06 | pde=1.503e+06 dir=2.775e-01 neu=5.259e+08
620000_saved A_grid_contourf.png
[625000] loss=1.933e+07 | pde=1.928e+07 dir=3.731e-01 neu=1.091e+09
625000_saved A_grid_contourf.png
[630000] loss=3.772e+06 | pde=3.504e+06 dir=2.279e+00 neu=4.086e+09
630000_saved A_grid_contourf.png
[635000] loss=7.736e+06 | pde=7.678e+06 dir=5.011e-01 neu=7.815e+08
635000_saved A_grid_contourf.png
[640000] loss=8.934e+06 | pde=8.911e+06 dir=1.932e-01 neu=3.694e+08
640000_saved A_grid_contourf.png
[645000] loss=7.522e+06 | pde=7.497e+06 dir=2.011e-01 neu=4.053e+08
645000_saved A_grid_contourf.png
[650000] loss=9.563e+05 | pde=6.186e+05 dir=1.268e-01 neu=3.251e+10
650000_saved A_grid_contourf.png
[655000] loss=9.964e+05 | pde=5.829e+05 dir=3.596e-01 neu=3.775e+10
655000_saved A_grid_contourf.png
[660000] loss=7.189e+06 | pde=7.047e+06 dir=1.209e+00 neu=2.147e+09
660000_saved A_grid_contourf.png
[665000] loss=9.344e+05 | pde=8.976e+05 dir=3.222e-01 neu=4.514e+08
665000_saved A_grid_contourf.png
[670000] loss=7.897e+06 | pde=7.722e+06 dir=1.394e+00 neu=3.560e+09
670000_saved A_grid_contourf.png
[675000] loss=4.771e+07 | pde=4.594e+07 dir=1.692e+01 neu=8.009e+09
675000_saved A_grid_contourf.png
[680000] loss=1.391e+06 | pde=1.362e+06 dir=2.674e-01 neu=2.311e+08
680000_saved A_grid_contourf.png
[685000] loss=4.585e+08 | pde=4.509e+08 dir=1.969e+01 neu=5.598e+11
685000_saved A_grid_contourf.png
[690000] loss=1.109e+06 | pde=1.081e+06 dir=1.985e-01 neu=8.110e+08
690000_saved A_grid_contourf.png
[695000] loss=1.558e+06 | pde=1.485e+06 dir=7.097e-01 neu=1.460e+08
695000_saved A_grid_contourf.png
[700000] loss=5.414e+05 | pde=4.958e+05 dir=1.436e-01 neu=3.121e+09
700000_saved A_grid_contourf.png
[705000] loss=4.138e+06 | pde=4.057e+06 dir=7.188e-01 neu=9.243e+08
705000_saved A_grid_contourf.png
[710000] loss=8.117e+05 | pde=7.827e+05 dir=2.706e-01 neu=1.981e+08
710000_saved A_grid_contourf.png
[715000] loss=5.346e+05 | pde=5.127e+05 dir=2.013e-01 neu=1.747e+08
715000_saved A_grid_contourf.png
[720000] loss=1.667e+06 | pde=1.622e+06 dir=2.285e-01 neu=2.149e+09
720000_saved A_grid_contourf.png
[725000] loss=2.376e+06 | pde=2.332e+06 dir=2.253e-01 neu=2.180e+09
725000_saved A_grid_contourf.png
[730000] loss=3.846e+05 | pde=3.686e+05 dir=1.353e-01 neu=2.546e+08
730000_saved A_grid_contourf.png
[735000] loss=8.695e+05 | pde=8.476e+05 dir=1.802e-01 neu=3.848e+08
735000_saved A_grid_contourf.png
[740000] loss=1.711e+06 | pde=1.624e+06 dir=6.703e-01 neu=2.005e+09
740000_saved A_grid_contourf.png
[745000] loss=9.282e+05 | pde=9.000e+05 dir=2.283e-01 neu=5.422e+08
745000_saved A_grid_contourf.png
[750000] loss=5.443e+05 | pde=4.497e+05 dir=2.679e-01 neu=6.777e+09
750000_saved A_grid_contourf.png
[755000] loss=4.361e+05 | pde=4.206e+05 dir=1.051e-01 neu=4.941e+08
755000_saved A_grid_contourf.png
[760000] loss=6.886e+05 | pde=6.520e+05 dir=2.508e-01 neu=1.144e+09
760000_saved A_grid_contourf.png
[765000] loss=5.308e+05 | pde=5.138e+05 dir=1.373e-01 neu=3.235e+08
765000_saved A_grid_contourf.png
[770000] loss=4.896e+05 | pde=4.667e+05 dir=1.988e-01 neu=2.953e+08
770000_saved A_grid_contourf.png
[775000] loss=9.909e+06 | pde=9.826e+06 dir=4.645e-01 neu=3.638e+09
775000_saved A_grid_contourf.png
[780000] loss=8.446e+05 | pde=8.213e+05 dir=1.937e-01 neu=3.848e+08
780000_saved A_grid_contourf.png
[785000] loss=8.281e+05 | pde=7.977e+05 dir=2.320e-01 neu=7.196e+08
785000_saved A_grid_contourf.png
[790000] loss=4.547e+05 | pde=4.333e+05 dir=1.643e-01 neu=4.930e+08
790000_saved A_grid_contourf.png
[795000] loss=2.573e+06 | pde=2.518e+06 dir=4.697e-01 neu=8.074e+08
795000_saved A_grid_contourf.png
[800000] loss=5.246e+05 | pde=4.864e+05 dir=1.272e-01 neu=2.549e+09
800000_saved A_grid_contourf.png
[805000] loss=2.860e+06 | pde=2.829e+06 dir=2.594e-01 neu=4.830e+08
805000_saved A_grid_contourf.png
[810000] loss=5.020e+05 | pde=4.839e+05 dir=1.643e-01 neu=1.699e+08
810000_saved A_grid_contourf.png
[815000] loss=8.729e+05 | pde=8.512e+05 dir=1.587e-01 neu=5.794e+08
815000_saved A_grid_contourf.png
[820000] loss=5.604e+05 | pde=5.187e+05 dir=2.301e-01 neu=1.871e+09
820000_saved A_grid_contourf.png
[825000] loss=3.755e+05 | pde=3.577e+05 dir=1.484e-01 neu=2.964e+08
825000_saved A_grid_contourf.png
[830000] loss=7.961e+05 | pde=7.827e+05 dir=1.141e-01 neu=1.955e+08
830000_saved A_grid_contourf.png
[835000] loss=1.084e+06 | pde=1.056e+06 dir=2.283e-01 neu=5.629e+08
835000_saved A_grid_contourf.png
[840000] loss=4.020e+06 | pde=3.831e+06 dir=1.341e+00 neu=5.495e+09
840000_saved A_grid_contourf.png
[845000] loss=1.144e+06 | pde=1.121e+06 dir=1.969e-01 neu=3.287e+08
845000_saved A_grid_contourf.png
[850000] loss=2.421e+06 | pde=2.385e+06 dir=1.923e-01 neu=1.653e+09
850000_saved A_grid_contourf.png
[855000] loss=7.782e+05 | pde=7.481e+05 dir=2.438e-01 neu=5.714e+08
855000_saved A_grid_contourf.png
[860000] loss=5.751e+05 | pde=5.466e+05 dir=2.693e-01 neu=1.565e+08
860000_saved A_grid_contourf.png
[865000] loss=6.367e+05 | pde=6.152e+05 dir=1.976e-01 neu=1.749e+08
865000_saved A_grid_contourf.png
[870000] loss=6.226e+05 | pde=6.083e+05 dir=1.223e-01 neu=2.027e+08
870000_saved A_grid_contourf.png
[875000] loss=6.798e+05 | pde=6.633e+05 dir=1.422e-01 neu=2.284e+08
875000_saved A_grid_contourf.png
[880000] loss=5.804e+05 | pde=5.541e+05 dir=1.965e-01 neu=6.681e+08
880000_saved A_grid_contourf.png
[885000] loss=4.777e+05 | pde=4.615e+05 dir=1.318e-01 neu=3.043e+08
885000_saved A_grid_contourf.png
[890000] loss=2.924e+05 | pde=2.779e+05 dir=9.299e-02 neu=5.232e+08
890000_saved A_grid_contourf.png
[895000] loss=1.085e+06 | pde=1.046e+06 dir=3.695e-01 neu=2.832e+08
895000_saved A_grid_contourf.png
[900000] loss=4.277e+07 | pde=4.255e+07 dir=1.202e+00 neu=9.971e+09
900000_saved A_grid_contourf.png
[905000] loss=4.787e+06 | pde=4.703e+06 dir=2.998e-01 neu=5.394e+09
905000_saved A_grid_contourf.png
[910000] loss=3.892e+05 | pde=3.602e+05 dir=7.764e-02 neu=2.122e+09
910000_saved A_grid_contourf.png
[915000] loss=8.714e+05 | pde=8.529e+05 dir=1.457e-01 neu=3.890e+08
915000_saved A_grid_contourf.png
[920000] loss=6.606e+07 | pde=6.464e+07 dir=1.307e+01 neu=1.113e+10
920000_saved A_grid_contourf.png
[925000] loss=4.403e+05 | pde=3.949e+05 dir=1.306e-01 neu=3.233e+09
925000_saved A_grid_contourf.png
[930000] loss=2.084e+07 | pde=1.963e+07 dir=1.144e+01 neu=6.635e+09
930000_saved A_grid_contourf.png
[935000] loss=8.870e+05 | pde=8.482e+05 dir=2.501e-01 neu=1.379e+09
935000_saved A_grid_contourf.png
[940000] loss=5.131e+05 | pde=4.737e+05 dir=2.707e-01 neu=1.233e+09
940000_saved A_grid_contourf.png
[945000] loss=1.020e+06 | pde=1.004e+06 dir=1.277e-01 neu=2.709e+08
945000_saved A_grid_contourf.png
[950000] loss=1.352e+07 | pde=1.342e+07 dir=9.320e-01 neu=8.950e+08
950000_saved A_grid_contourf.png
[955000] loss=8.543e+06 | pde=8.421e+06 dir=9.113e-01 neu=3.049e+09
955000_saved A_grid_contourf.png
[960000] loss=2.569e+06 | pde=2.328e+06 dir=1.332e+00 neu=1.080e+10
960000_saved A_grid_contourf.png
[965000] loss=7.873e+06 | pde=7.583e+06 dir=2.665e+00 neu=2.344e+09
965000_saved A_grid_contourf.png
[970000] loss=1.457e+07 | pde=1.439e+07 dir=9.693e-01 neu=8.793e+09
970000_saved A_grid_contourf.png
[975000] loss=5.656e+06 | pde=5.378e+06 dir=2.502e+00 neu=2.771e+09
975000_saved A_grid_contourf.png
[980000] loss=4.646e+05 | pde=4.453e+05 dir=1.544e-01 neu=3.885e+08
980000_saved A_grid_contourf.png
[985000] loss=8.585e+05 | pde=8.376e+05 dir=1.406e-01 neu=6.848e+08
985000_saved A_grid_contourf.png
[990000] loss=1.118e+07 | pde=1.080e+07 dir=3.556e+00 neu=2.936e+09
990000_saved A_grid_contourf.png
[995000] loss=3.101e+06 | pde=3.034e+06 dir=5.756e-01 neu=9.532e+08
995000_saved A_grid_contourf.png
[1000000] loss=1.243e+06 | pde=1.216e+06 dir=2.389e-01 neu=3.946e+08
1000000_saved A_grid_contourf.png
[OK] saved -> 1000000_pinn_model.pt
実行時間： 2.7162721157073975 秒
